Running "module reset". Resetting modules to system default. The following $MODULEPATH directories have been removed: None
Charm++: standalone mode (not using charmrun)
Charm++> Running in Multicore mode: 16 threads (PEs)
Charm++> Using recursive bisection (scheme 3) for topology aware partitions
Converse/Charm++ Commit ID: v6.10.2-0-g7bf00fa-namd-charm-6.10.2-build-2020-Aug-05-556
Warning> Randomization of virtual memory (ASLR) is turned on in the kernel, thread migration may not work! Run 'echo 0 > /proc/sys/kernel/randomize_va_space' as root to disable it, or try running with '+isomalloc_sync'.
CharmLB> Load balancer assumes all CPUs are same.
Charm++> Running on 1 hosts (1 sockets x 16 cores x 1 PUs = 16-way SMP)
Charm++> cpu topology info is gathered in 0.000 seconds.
Info: NAMD 2.14 for Linux-x86_64-multicore
Info: 
Info: Please visit http://www.ks.uiuc.edu/Research/namd/
Info: for updates, documentation, and support information.
Info: 
Info: Please cite Phillips et al., J. Chem. Phys. 153:044130 (2020) doi:10.1063/5.0014475
Info: in all publications reporting results obtained with NAMD.
Info: 
Info: Based on Charm++/Converse 61002 for multicore-linux-x86_64-iccstatic
Info: Built Mon Aug 24 10:08:36 CDT 2020 by jim on belfast.ks.uiuc.edu
Info: 1 NAMD  2.14  Linux-x86_64-multicore  16    r103u04n01.mccleary.ycrc.yale.edu  ms725
Info: Running on 16 processors, 1 nodes, 1 physical nodes.
Info: CPU topology information available.
Info: Charm++/Converse parallel runtime startup completed at 0.00333235 s
CkLoopLib is used in SMP with simple dynamic scheduling (converse-level notification)
Info: 1047.81 MB of memory in use based on /proc/self/stat
Info: Configuration file is stmv.namd
Info: Working in the current directory /vast/palmer/project/support/ms725/IntermediateHPC/Examples/NAMD
TCL: Suspending until startup complete.
Info: SIMULATION PARAMETERS:
Info: TIMESTEP               1
Info: NUMBER OF STEPS        200
Info: STEPS PER CYCLE        20
Info: PERIODIC CELL BASIS 1  216.832 0 0
Info: PERIODIC CELL BASIS 2  0 216.832 0
Info: PERIODIC CELL BASIS 3  0 0 216.832
Info: PERIODIC CELL CENTER   0 0 0
Info: LOAD BALANCER  Centralized
Info: LOAD BALANCING STRATEGY  New Load Balancers -- DEFAULT
Info: LDB PERIOD             4000 steps
Info: FIRST LDB TIMESTEP     100
Info: LAST LDB TIMESTEP     -1
Info: LDB BACKGROUND SCALING 1
Info: HOM BACKGROUND SCALING 1
Info: PME BACKGROUND SCALING 1
Info: MIN ATOMS PER PATCH    40
Info: INITIAL TEMPERATURE    298
Info: CENTER OF MASS MOVING INITIALLY? NO
Info: DIELECTRIC             1
Info: EXCLUDE                SCALED ONE-FOUR
Info: 1-4 ELECTROSTATICS SCALED BY 1
Info: MODIFIED 1-4 VDW PARAMETERS WILL BE USED
Info: NO DCD TRAJECTORY OUTPUT
Info: NO EXTENDED SYSTEM TRAJECTORY OUTPUT
Info: NO VELOCITY DCD OUTPUT
Info: NO FORCE DCD OUTPUT
Info: OUTPUT FILENAME        /usr/tmp/stmv-output
Info: BINARY OUTPUT FILES WILL BE USED
Info: NO RESTART FILE
Info: SWITCHING ACTIVE
Info: SWITCHING ON           10
Info: SWITCHING OFF          12
Info: PAIRLIST DISTANCE      13.5
Info: PAIRLIST SHRINK RATE   0.01
Info: PAIRLIST GROW RATE     0.01
Info: PAIRLIST TRIGGER       0.3
Info: PAIRLISTS PER CYCLE    2
Info: PAIRLISTS ENABLED
Info: MARGIN                 0.48
Info: HYDROGEN GROUP CUTOFF  2.5
Info: PATCH DIMENSION        16.48
Info: ENERGY OUTPUT STEPS    20
Info: CROSSTERM ENERGY INCLUDED IN DIHEDRAL
Info: TIMING OUTPUT STEPS    20
Info: LANGEVIN DYNAMICS ACTIVE
Info: LANGEVIN TEMPERATURE   298
Info: LANGEVIN USING BBK INTEGRATOR
Info: LANGEVIN DAMPING COEFFICIENT IS 5 INVERSE PS
Info: LANGEVIN DYNAMICS NOT APPLIED TO HYDROGENS
Info: LANGEVIN PISTON PRESSURE CONTROL ACTIVE
Info:        TARGET PRESSURE IS 1.01325 BAR
Info:     OSCILLATION PERIOD IS 100 FS
Info:             DECAY TIME IS 50 FS
Info:     PISTON TEMPERATURE IS 298 K
Info:       PRESSURE CONTROL IS GROUP-BASED
Info:    INITIAL STRAIN RATE IS 0 0 0
Info:       CELL FLUCTUATION IS ISOTROPIC
Info: PARTICLE MESH EWALD (PME) ACTIVE
Info: PME TOLERANCE               1e-06
Info: PME EWALD COEFFICIENT       0.257952
Info: PME INTERPOLATION ORDER     4
Info: PME GRID DIMENSIONS         216 216 216
Info: PME MAXIMUM GRID SPACING    1.5
Info: Attempting to read FFTW data from FFTW_NAMD_2.14_Linux-x86_64-multicore.txt
Info: Optimizing 6 FFT steps.  1... 2... 3... 4... 5... 6...   Done.
Info: Writing FFTW data to FFTW_NAMD_2.14_Linux-x86_64-multicore.txt
Info: FULL ELECTROSTATIC EVALUATION FREQUENCY      4
Info: USING VERLET I (r-RESPA) MTS SCHEME.
Info: C1 SPLITTING OF LONG RANGE ELECTROSTATICS
Info: PLACING ATOMS IN PATCHES BY HYDROGEN GROUPS
Info: RANDOM NUMBER SEED     1740496698
Info: USE HYDROGEN BONDS?    NO
Info: COORDINATE PDB         stmv.pdb
Info: STRUCTURE FILE         stmv.psf
Info: PARAMETER file: CHARMM format! 
Info: PARAMETERS             par_all27_prot_na.inp
Info: USING ARITHMETIC MEAN TO COMBINE L-J SIGMA PARAMETERS
Info: SUMMARY OF PARAMETERS:
Info: 250 BONDS
Info: 622 ANGLES
Info: 1049 DIHEDRAL
Info: 73 IMPROPER
Info: 0 CROSSTERM
Info: 130 VDW
Info: 0 VDW_PAIRS
Info: 0 NBTHOLE_PAIRS
Info: TIME FOR READING PSF FILE: 8.03138
Info: Reading pdb file stmv.pdb
Info: TIME FOR READING PDB FILE: 1.18462
Info: 
Info: ****************************
Info: STRUCTURE SUMMARY:
Info: 1066628 ATOMS
Info: 769956 BONDS
Info: 605872 ANGLES
Info: 450875 DIHEDRALS
Info: 24578 IMPROPERS
Info: 0 CROSSTERMS
Info: 0 EXCLUSIONS
Info: 3199884 DEGREES OF FREEDOM
Info: 389067 HYDROGEN GROUPS
Info: 4 ATOMS IN LARGEST HYDROGEN GROUP
Info: 389067 MIGRATION GROUPS
Info: 4 ATOMS IN LARGEST MIGRATION GROUP
Info: TOTAL MASS = 6.69877e+06 amu
Info: TOTAL CHARGE = 0.000168104 e
Info: MASS DENSITY = 1.09115 g/cm^3
Info: ATOM DENSITY = 0.104627 atoms/A^3
Info: *****************************
Info: 
Info: Entering startup at 32.9896 s, 1537.49 MB of memory in use
Info: Startup phase 0 took 0.00284882 s, 1537.49 MB of memory in use
Info: ADDED 1810196 IMPLICIT EXCLUSIONS
Info: Startup phase 1 took 0.346321 s, 1749.14 MB of memory in use
Info: NONBONDED TABLE R-SQUARED SPACING: 0.0625
Info: NONBONDED TABLE SIZE: 769 POINTS
Info: ABSOLUTE IMPRECISION IN FAST TABLE FORCE: 2.64698e-23 AT 11.9138
Info: RELATIVE IMPRECISION IN FAST TABLE FORCE: 1.40436e-16 AT 11.9138
Info: INCONSISTENCY IN FAST TABLE ENERGY VS FORCE: 0.000325096 AT 11.9556
Info: ABSOLUTE IMPRECISION IN SCOR TABLE FORCE: 4.10282e-22 AT 11.9138
Info: RELATIVE IMPRECISION IN SCOR TABLE FORCE: 3.56912e-15 AT 11.9138
Info: INCONSISTENCY IN SCOR TABLE ENERGY VS FORCE: 0.000324844 AT 11.9556
Info: ABSOLUTE IMPRECISION IN VDWA TABLE ENERGY: 9.86076e-32 AT 11.8295
Info: RELATIVE IMPRECISION IN VDWA TABLE ENERGY: 6.75473e-14 AT 11.9138
Info: ABSOLUTE IMPRECISION IN VDWA TABLE FORCE: 4.62223e-32 AT 11.9138
Info: RELATIVE IMPRECISION IN VDWA TABLE FORCE: 2.12237e-15 AT 11.9138
Info: INCONSISTENCY IN VDWA TABLE ENERGY VS FORCE: 0.0040507 AT 0.251946
Info: ABSOLUTE IMPRECISION IN VDWB TABLE ENERGY: 4.1359e-25 AT 11.8295
Info: RELATIVE IMPRECISION IN VDWB TABLE ENERGY: 7.56853e-15 AT 11.9138
Info: ABSOLUTE IMPRECISION IN VDWB TABLE FORCE: 3.87741e-26 AT 11.9138
Info: RELATIVE IMPRECISION IN VDWB TABLE FORCE: 5.97409e-16 AT 11.9138
Info: INCONSISTENCY IN VDWB TABLE ENERGY VS FORCE: 0.00150189 AT 0.251946
Info: Startup phase 2 took 0.000727859 s, 1749.14 MB of memory in use
Info: Startup phase 3 took 5.5837e-05 s, 1749.14 MB of memory in use
Info: Startup phase 4 took 0.003907 s, 1749.14 MB of memory in use
Info: Startup phase 5 took 9.5108e-05 s, 1749.14 MB of memory in use
Info: PATCH GRID IS 13 (PERIODIC) BY 13 (PERIODIC) BY 13 (PERIODIC)
Info: PATCH GRID IS 1-AWAY BY 1-AWAY BY 1-AWAY
Info: REMOVING COM VELOCITY 0.00763147 -0.0110848 -0.000152696
Info: LARGEST PATCH (1044) HAS 541 ATOMS
Info: TORUS A SIZE 1 USING 0
Info: TORUS B SIZE 1 USING 0
Info: TORUS C SIZE 1 USING 0
Info: TORUS MINIMAL MESH SIZE IS 1 BY 1 BY 1
Info: Placed 100% of base nodes on same physical node as patch
Info: Startup phase 6 took 0.292307 s, 1919.17 MB of memory in use
Info: PME using 16 and 16 processors for FFT and reciprocal sum.
Info: PME GRID LOCATIONS: 0 1 2 3 4 5 6 7 8 9 ...
Info: PME TRANS LOCATIONS: 0 1 2 3 4 5 6 7 8 9 ...
Info: PME USING 1 GRID NODES AND 1 TRANS NODES
Info: Optimizing 4 FFT steps.  1... 2... 3... 4...   Done.
Info: Startup phase 7 took 0.00384667 s, 1920.55 MB of memory in use
Info: Startup phase 8 took 7.078e-05 s, 1920.55 MB of memory in use
Info: Startup phase 9 took 0.000221243 s, 1920.89 MB of memory in use
Info: Startup phase 10 took 4.7303e-05 s, 1920.89 MB of memory in use
Info: Startup phase 11 took 0.00458744 s, 1920.89 MB of memory in use
LDB: Central LB being created...
Info: Startup phase 12 took 0.00280891 s, 1920.89 MB of memory in use
Info: CREATING 44020 COMPUTE OBJECTS
Info: useSync: 0 useProxySync: 0
Info: Startup phase 13 took 0.0661273 s, 1924.29 MB of memory in use
Info: Startup phase 14 took 0.000100355 s, 1924.29 MB of memory in use
Info: Startup phase 15 took 0.00446846 s, 1941.54 MB of memory in use
Info: Finished startup at 33.7182 s, 1941.54 MB of memory in use

ETITLE:      TS           BOND          ANGLE          DIHED          IMPRP               ELECT            VDW       BOUNDARY           MISC        KINETIC               TOTAL           TEMP      POTENTIAL         TOTAL3        TEMPAVG            PRESSURE      GPRESSURE         VOLUME       PRESSAVG      GPRESSAVG

ENERGY:       0    354072.1600    280839.0161     81957.9556      4995.4407       -4503168.0870    384266.4685         0.0000         0.0000    946481.3992       -2450555.6470       297.6927  -3397037.0462  -2441916.4220       297.6927           1821.7581       187.6332  10194598.5131      1821.7581       187.6332

LDB: ============= START OF LOAD BALANCING ============== 43.5089
LDB: ============== END OF LOAD BALANCING =============== 43.509
Info: useSync: 0 useProxySync: 0
LDB: =============== DONE WITH MIGRATION ================ 43.5094
TIMING: 20  CPU: 10.8444, 0.475541/step  Wall: 10.9019, 0.477067/step, 0.0238534 hours remaining, 4840.667969 MB of memory in use.
ENERGY:      20    354172.0354    280290.0657     81951.8054      5013.2462       -4506247.7061    384620.9999         0.0000         0.0000    949469.4619       -2450730.0916       298.6326  -3400199.5535  -2442038.8519       297.9659           1733.4965       135.1612  10194360.5589        -0.8128        -1.6073

TIMING: 40  CPU: 20.3682, 0.476192/step  Wall: 20.4545, 0.477627/step, 0.0212279 hours remaining, 4973.378906 MB of memory in use.
ENERGY:      40    354332.6352    280731.6859     82001.4034      4994.7193       -4503265.6517    383414.5402         0.0000         0.0000    946963.6889       -2450826.9788       297.8444  -3397790.6677  -2442129.2999       297.9505           1639.0324        48.5856  10197719.9412        29.5398        27.5482

TIMING: 60  CPU: 29.889, 0.476042/step  Wall: 30.0047, 0.477514/step, 0.01857 hours remaining, 4975.941406 MB of memory in use.
ENERGY:      60    354150.4128    281106.6292     81902.1924      5006.8515       -4503536.6763    382823.8985         0.0000         0.0000    947505.9838       -2451040.7082       298.0150  -3398546.6919  -2442368.7499       297.9768           1645.7996        72.6133  10197801.5045        -1.9642        -1.6438

TIMING: 80  CPU: 39.3957, 0.475331/step  Wall: 39.542, 0.476862/step, 0.0158954 hours remaining, 4978.113281 MB of memory in use.
ENERGY:      80    355336.4102    280861.9039     81978.2747      5083.0600       -4506407.7509    384696.2631         0.0000         0.0000    947425.4088       -2451026.4302       297.9896  -3398451.8391  -2442374.0157       298.1155           1672.1670       119.0935  10194468.0178         6.0377         7.2205

LDB: ============= START OF LOAD BALANCING ============== 81.6952
LDB: Largest compute 3616 load 0.095295 is 0.3% of average load 37.244092
LDB: Average compute 0.013233 is 0.0% of average load 37.244092
LDB: Partitioning computes with target load 3.724409
LDB: Increased migratable compute count from 41743 to 41743
LDB: Largest unpartitionable compute is 0.012634
LDB: ============== END OF LOAD BALANCING =============== 81.7102
Info: useSync: 0 useProxySync: 0
LDB: =============== DONE WITH MIGRATION ================ 81.7124
Info: Initial time: 16 CPUs 0.477143 s/step 5.52248 days/ns 4980.64 MB memory
TIMING: 100  CPU: 48.9165, 0.476044/step  Wall: 49.0928, 0.477543/step, 0.0132651 hours remaining, 4980.644531 MB of memory in use.
ENERGY:     100    355757.7998    279914.3298     81945.0645      5020.6905       -4507552.1534    385879.1956         0.0000         0.0000    948062.6769       -2450972.3962       298.1901  -3399035.0731  -2442305.0630       298.0586           1709.0326       149.7109  10192769.1477        11.0551         9.7664

LDB: ============= START OF LOAD BALANCING ============== 91.2265
LDB: ============== END OF LOAD BALANCING =============== 91.2265
Info: useSync: 0 useProxySync: 0
LDB: =============== DONE WITH MIGRATION ================ 91.227
TIMING: 120  CPU: 58.4004, 0.474195/step  Wall: 58.6081, 0.475763/step, 0.0105725 hours remaining, 4980.644531 MB of memory in use.
ENERGY:     120    355812.6805    279939.2751     81964.8708      5117.4002       -4506920.1303    385156.5497         0.0000         0.0000    947730.2725       -2451199.0815       298.0855  -3398929.3540  -2442506.9710       298.2154           1689.8421       109.5899  10193986.3587        -4.7026        -4.9157

TIMING: 140  CPU: 67.892, 0.474577/step  Wall: 68.1308, 0.476135/step, 0.00793558 hours remaining, 4980.644531 MB of memory in use.
ENERGY:     140    355929.6405    279381.8766     81904.5579      4961.7210       -4507417.0837    385414.0428         0.0000         0.0000    948471.0528       -2451354.1920       298.3185  -3399825.2448  -2442653.2615       298.2644           1683.3757       125.9836  10193374.9165        -9.1737       -11.0699

TIMING: 160  CPU: 77.3808, 0.474439/step  Wall: 77.6495, 0.475933/step, 0.00528815 hours remaining, 4980.644531 MB of memory in use.
ENERGY:     160    356268.8660    279799.0436     81932.2171      5033.4080       -4506440.0622    384203.4143         0.0000         0.0000    947760.6044       -2451442.5087       298.0951  -3399203.1130  -2442827.5294       298.1994           1602.9650        86.5101  10195289.4060        10.0919         5.2264

TIMING: 180  CPU: 86.8801, 0.474968/step  Wall: 87.1795, 0.476505/step, 0.00264725 hours remaining, 4981.523438 MB of memory in use.
ENERGY:     180    355888.0332    280296.7555     82012.9836      5021.0978       -4507483.4331    385069.4686         0.0000         0.0000    948076.1032       -2451118.9911       298.1943  -3399195.0944  -2442418.7391       298.1409           1601.5987       108.2850  10193085.8212         0.8172        -0.1288

LDB: ============= START OF LOAD BALANCING ============== 129.32
LDB: Largest compute 3616 load 0.095488 is 0.3% of average load 37.122027
LDB: Average compute 0.013186 is 0.0% of average load 37.122027
LDB: TIME 129.335 LOAD: AVG 37.122 MAX 38.0908  PROXIES: TOTAL 2368 MAXPE 167 MAXPATCH 3 None MEM: 4983.28 MB
LDB: TIME 129.354 LOAD: AVG 37.122 MAX 37.5579  PROXIES: TOTAL 2368 MAXPE 167 MAXPATCH 3 TorusLB MEM: 4983.28 MB
LDB: ============== END OF LOAD BALANCING =============== 129.371
Info: useSync: 0 useProxySync: 0
LDB: =============== DONE WITH MIGRATION ================ 129.382
Info: Initial time: 16 CPUs 0.474817 s/step 5.49557 days/ns 4994.77 MB memory
TIMING: 200  CPU: 96.3075, 0.471367/step  Wall: 96.6366, 0.472855/step, 0 hours remaining, 4994.769531 MB of memory in use.
ETITLE:      TS           BOND          ANGLE          DIHED          IMPRP               ELECT            VDW       BOUNDARY           MISC        KINETIC               TOTAL           TEMP      POTENTIAL         TOTAL3        TEMPAVG            PRESSURE      GPRESSURE         VOLUME       PRESSAVG      GPRESSAVG

ENERGY:     200    356106.2655    280663.4183     81978.1852      5043.7289       -4505163.3062    382260.4349         0.0000         0.0000    947685.1796       -2451426.0939       298.0714  -3399111.2735  -2442753.3096       298.2820           1530.5882        41.2341  10197675.7401        -2.4134        -0.8793

WRITING EXTENDED SYSTEM TO OUTPUT FILE AT STEP 200
WRITING COORDINATES TO OUTPUT FILE AT STEP 200
The last position output (seq=-2) takes 0.014 seconds, 5027.402 MB of memory in use
WRITING VELOCITIES TO OUTPUT FILE AT STEP 200
The last velocity output (seq=-2) takes 0.014 seconds, 5027.402 MB of memory in use
====================================================

WallClock: 130.355148  CPUTime: 129.909439  Memory: 5027.402344 MB
[Partition 0][Node 0] End of program
