Running "module reset". Resetting modules to system default. The following $MODULEPATH directories have been removed: None
Charm++> No provisioning arguments specified. Running with a single PE.
         Use +auto-provision to fully subscribe resources or +p1 to silence this message.
Charm++: standalone mode (not using charmrun)
Charm++> Running in Multicore mode: 1 threads (PEs)
Charm++> Using recursive bisection (scheme 3) for topology aware partitions
Converse/Charm++ Commit ID: 
CharmLB> Load balancer assumes all CPUs are same.
Charm++> Running on 1 hosts
Charm++> cpu topology info is gathered in 0.000 seconds.
CharmLB> Load balancing instrumentation for communication is off.
Info: NAMD 3.0.2 for Linux-x86_64-multicore
Info: 
Info: Please visit http://www.ks.uiuc.edu/Research/namd/
Info: for updates, documentation, and support information.
Info: 
Info: Please cite Phillips et al., J. Chem. Phys. 153:044130 (2020) doi:10.1063/5.0014475
Info: in all publications reporting results obtained with NAMD.
Info: 
Info: Based on Charm++/Converse 80000 for multicore-linux-x86_64-gcc
Info: Built Wed Aug 27 16:19:18 CDT 2025 by dhardy on athine.ks.uiuc.edu
Info: 1 NAMD  3.0.2  Linux-x86_64-multicore  1    a1132u35n04.mghpcc.ycrc.yale.edu  ihpc_an492
Info: Running on 1 processors, 1 nodes, 1 physical nodes.
Info: CPU topology information available.
Info: Charm++/Converse parallel runtime startup completed at 0.0013345 s
CkLoopLib is used in SMP with simple dynamic scheduling (converse-level notification)
Info: 52.9102 MB of memory in use based on /proc/self/stat
Info: Configuration file is ../Data/stmv/stmv.namd
Info: Changed directory to ../Data/stmv
TCL: Suspending until startup complete.
Warning: Option "1-4scaling" has been deprecated. Instead use "oneFourScaling".
Warning: The Langevin gamma parameters differ over the particles,
Warning: requiring extra work per step to constrain rigid bonds.
Info: SIMULATION PARAMETERS:
Info: TIMESTEP               1
Info: NUMBER OF STEPS        200
Info: STEPS PER CYCLE        20
Info: PERIODIC CELL BASIS 1  216.832 0 0
Info: PERIODIC CELL BASIS 2  0 216.832 0
Info: PERIODIC CELL BASIS 3  0 0 216.832
Info: PERIODIC CELL CENTER   0 0 0
Info: LOAD BALANCER  Centralized
Info: LOAD BALANCING STRATEGY  New Load Balancers -- DEFAULT
Info: LDB PERIOD             4000 steps
Info: FIRST LDB TIMESTEP     100
Info: LAST LDB TIMESTEP     -1
Info: LDB BACKGROUND SCALING 1
Info: HOM BACKGROUND SCALING 1
Info: PME BACKGROUND SCALING 1
Info: MIN ATOMS PER PATCH    40
Info: EMPTY PATCH LOAD       40 ATOMS
Info: INITIAL TEMPERATURE    298
Info: CENTER OF MASS MOVING INITIALLY? NO
Info: DIELECTRIC             1
Info: EXCLUDE                SCALED ONE-FOUR
Info: 1-4 ELECTROSTATICS SCALED BY 1
Info: MODIFIED 1-4 VDW PARAMETERS WILL BE USED
Info: NO DCD TRAJECTORY OUTPUT
Info: NO EXTENDED SYSTEM TRAJECTORY OUTPUT
Info: NO VELOCITY DCD OUTPUT
Info: NO FORCE DCD OUTPUT
Info: OUTPUT FILENAME        /usr/tmp/stmv-output
Info: BINARY OUTPUT FILES WILL BE USED
Info: NO RESTART FILE
Info: SWITCHING ACTIVE
Info: SWITCHING ON           10
Info: SWITCHING OFF          12
Info: PAIRLIST DISTANCE      13.5
Info: PAIRLIST SHRINK RATE   0.01
Info: PAIRLIST GROW RATE     0.01
Info: PAIRLIST TRIGGER       0.3
Info: PAIRLISTS PER CYCLE    2
Info: PAIRLISTS ENABLED
Info: MARGIN                 0.48
Info: HYDROGEN GROUP CUTOFF  2.5
Info: PATCH DIMENSION        16.48
Info: ENERGY OUTPUT STEPS    20
Info: ENERGY EVALUATION STEPS    20
Info: OUTPUT ENERGY PRECISION 4
Info: CROSSTERM ENERGY INCLUDED IN DIHEDRAL
Info: TIMING OUTPUT STEPS    20
Info: LANGEVIN DYNAMICS ACTIVE
Info: LANGEVIN TEMPERATURE   298
Info: LANGEVIN USING BBK INTEGRATOR
Info: LANGEVIN DAMPING COEFFICIENT IS 5 INVERSE PS
Info: LANGEVIN DYNAMICS NOT APPLIED TO HYDROGENS
Info: LANGEVIN PISTON PRESSURE CONTROL ACTIVE
Info:        TARGET PRESSURE IS 1.01325 BAR
Info:     OSCILLATION PERIOD IS 100 FS
Info:             DECAY TIME IS 50 FS
Info:     PISTON TEMPERATURE IS 298 K
Info:       PRESSURE CONTROL IS GROUP-BASED
Info:    INITIAL STRAIN RATE IS 0 0 0
Info:       CELL FLUCTUATION IS ISOTROPIC
Info: PARTICLE MESH EWALD (PME) ACTIVE
Info: PME TOLERANCE               1e-06
Info: PME EWALD COEFFICIENT       0.257952
Info: PME INTERPOLATION ORDER     4
Info: PME GRID DIMENSIONS         216 216 216
Info: PME MAXIMUM GRID SPACING    1.5
Info: Attempting to read FFTW data from FFTW_NAMD_3.0.2_Linux-x86_64-multicore.txt
Info: Optimizing 6 FFT steps.  1... 2... 3... 4... 5... 6...   Done.
Info: Writing FFTW data to FFTW_NAMD_3.0.2_Linux-x86_64-multicore.txt
Info: FULL ELECTROSTATIC EVALUATION FREQUENCY      4
Info: USING VERLET I (r-RESPA) MTS SCHEME.
Info: C1 SPLITTING OF LONG RANGE ELECTROSTATICS
Info: PLACING ATOMS IN PATCHES BY HYDROGEN GROUPS
Info: RANDOM NUMBER SEED     1758307355
Info: USE HYDROGEN BONDS?    NO
Info: COORDINATE PDB         stmv.pdb
Info: STRUCTURE FILE         stmv.psf
Info: PARAMETER file: CHARMM format! 
Info: PARAMETERS             par_all27_prot_na.inp
Info: USING ARITHMETIC MEAN TO COMBINE L-J SIGMA PARAMETERS
Info: MIXED PRECISION AVX-512 TILES OPTIMIZATIONS: ENABLED
Info: SUMMARY OF PARAMETERS:
Info: 250 BONDS
Info: 622 ANGLES
Info: 1049 DIHEDRAL
Info: 73 IMPROPER
Info: 0 CROSSTERM
Info: 130 VDW
Info: 0 VDW_PAIRS
Info: 0 NBTHOLE_PAIRS
Info: TIME FOR READING PSF FILE: 3.58313
Info: Reading pdb file stmv.pdb
Info: TIME FOR READING PDB FILE: 0.749875
Info: 
Info: ****************************
Info: STRUCTURE SUMMARY:
Info: 1066628 ATOMS
Info: 769956 BONDS
Info: 605872 ANGLES
Info: 450875 DIHEDRALS
Info: 24578 IMPROPERS
Info: 0 CROSSTERMS
Info: 0 EXCLUSIONS
Info: 3199884 DEGREES OF FREEDOM
Info: 389067 HYDROGEN GROUPS
Info: 4 ATOMS IN LARGEST HYDROGEN GROUP
Info: 389067 MIGRATION GROUPS
Info: 4 ATOMS IN LARGEST MIGRATION GROUP
Info: TOTAL MASS = 6.69877e+06 amu
Info: TOTAL CHARGE = 0.000168104 e
Info: MASS DENSITY = 1.09115 g/cm^3
Info: ATOM DENSITY = 0.104627 atoms/A^3
Info: *****************************
Info: 
Info: Entering startup at 40.7274 s, 256.046 MB of memory in use
Info: Startup phase 0 took 0.000254138 s, 256.046 MB of memory in use
Info: ADDED 1810196 IMPLICIT EXCLUSIONS
Info: Startup phase 1 took 0.211963 s, 256.046 MB of memory in use
Info: NONBONDED TABLE R-SQUARED SPACING: 0.0625
Info: NONBONDED TABLE SIZE: 769 POINTS
Info: INCONSISTENCY IN FAST TABLE ENERGY VS FORCE: 0.000325096 AT 11.9556
Info: INCONSISTENCY IN SCOR TABLE ENERGY VS FORCE: 0.000324844 AT 11.9556
Info: INCONSISTENCY IN VDWA TABLE ENERGY VS FORCE: 0.0040507 AT 0.251946
Info: INCONSISTENCY IN VDWB TABLE ENERGY VS FORCE: 0.00150189 AT 0.251946
Info: Startup phase 2 took 0.000527413 s, 256.046 MB of memory in use
Info: Startup phase 3 took 9.93e-06 s, 256.046 MB of memory in use
Info: Startup phase 4 took 0.000712275 s, 256.046 MB of memory in use
Info: Startup phase 5 took 2.0515e-05 s, 256.046 MB of memory in use
Info: PATCH GRID IS 13 (PERIODIC) BY 13 (PERIODIC) BY 13 (PERIODIC)
Info: PATCH GRID IS 1-AWAY BY 1-AWAY BY 1-AWAY
Info: REMOVING COM VELOCITY -0.00506573 -0.00255518 0.00383568
Info: LARGEST PATCH (1044) HAS 541 ATOMS
Info: TORUS A SIZE 1 USING 0
Info: TORUS B SIZE 1 USING 0
Info: TORUS C SIZE 1 USING 0
Info: TORUS MINIMAL MESH SIZE IS 1 BY 1 BY 1
Info: Placed 100% of base nodes on same physical node as patch
Info: Startup phase 6 took 0.179908 s, 256.046 MB of memory in use
Info: PME using 1 and 1 processors for FFT and reciprocal sum.
Info: PME GRID LOCATIONS: 0
Info: PME TRANS LOCATIONS: 0
Info: PME USING 1 GRID NODES AND 1 TRANS NODES
Info: Optimizing 4 FFT steps.  1... 2... 3... 4...   Done.
Info: Startup phase 7 took 0.00648607 s, 256.046 MB of memory in use
Info: Startup phase 8 took 1.9324e-05 s, 256.046 MB of memory in use
Info: Startup phase 9 took 1.7507e-05 s, 256.046 MB of memory in use
Info: Startup phase 10 took 6.394e-06 s, 256.046 MB of memory in use
Info: Startup phase 11 took 1.0576e-05 s, 256.046 MB of memory in use
LDB: Central LB being created...
Info: Startup phase 12 took 0.000284749 s, 256.046 MB of memory in use
Info: CREATING 43945 COMPUTE OBJECTS
Info: Startup phase 13 took 0.0849923 s, 256.046 MB of memory in use
Info: Startup phase 14 took 2.6767e-05 s, 256.046 MB of memory in use
Info: Startup phase 15 took 0.00344829 s, 256.046 MB of memory in use
Info: Finished startup at 41.2161 s, 256.046 MB of memory in use

ETITLE:      TS           BOND          ANGLE          DIHED          IMPRP               ELECT            VDW       BOUNDARY           MISC        KINETIC               TOTAL           TEMP      POTENTIAL         TOTAL3        TEMPAVG            PRESSURE      GPRESSURE         VOLUME       PRESSAVG      GPRESSAVG

ENERGY:       0    354072.1600    280839.0161     81957.9556      4995.4407       -4503168.9919    384267.9053         0.0000         0.0000    947460.4435       -2449576.0708       298.0007  -3397036.5143  -2440936.8462       298.0007           1826.2352       189.3996  10194598.5131      1826.2352       189.3996

LDB: ============= START OF LOAD BALANCING ============== 73.5721
LDB: ============== END OF LOAD BALANCING =============== 73.5721
LDB: =============== DONE WITH MIGRATION ================ 73.5729
TIMING: 20  CPU: 34.9148, 1.53659/step  Wall: 36.2692, 1.60381/step, 0.0801904 hours remaining, 256.045895 MB of memory in use.
PERFORMANCE: 20  averaging 0.0538718 ns/day, 1.60381 sec/step with standard deviation 0
ENERGY:      20    354578.0555    281159.3217     81913.9286      5016.3895       -4506360.5551    384960.4940         0.0000         0.0000    948682.4677       -2450049.8981       298.3850  -3398732.3658  -2441324.2560       298.1028           1785.4722       161.2948  10193997.0963       -12.6871       -11.9203

TIMING: 40  CPU: 65.7726, 1.54289/step  Wall: 67.2166, 1.54737/step, 0.068772 hours remaining, 256.045895 MB of memory in use.
PERFORMANCE: 40  averaging 0.0548367 ns/day, 1.57559 sec/step with standard deviation 0.0399074
ENERGY:      40    354500.1220    281573.1118     82050.7382      5109.3308       -4503358.4960    383050.3292         0.0000         0.0000    947527.9527       -2449546.9113       298.0219  -3397074.8640  -2440904.8284       298.1098           1626.9096        45.0884  10197045.6491        11.7385        12.7941

TIMING: 60  CPU: 96.5853, 1.54063/step  Wall: 98.1008, 1.54421/step, 0.0600526 hours remaining, 256.045895 MB of memory in use.
PERFORMANCE: 60  averaging 0.0552031 ns/day, 1.56513 sec/step with standard deviation 0.0335336
ENERGY:      60    354828.0012    281074.1514     82117.6896      5112.4486       -4503094.4631    382475.1591         0.0000         0.0000    947823.9131       -2449663.1001       298.1150  -3397487.0132  -2440992.6121       298.1227           1593.5915        31.2494  10199723.4901        10.2541         8.6864

TIMING: 80  CPU: 127.37, 1.53925/step  Wall: 128.961, 1.543/step, 0.0514334 hours remaining, 256.045895 MB of memory in use.
PERFORMANCE: 80  averaging 0.0553989 ns/day, 1.5596 sec/step with standard deviation 0.0295309
ENERGY:      80    355233.3898    281220.8636     81946.7974      5103.3225       -4504615.9531    383423.9154         0.0000         0.0000    948349.0011       -2449338.6635       298.2801  -3397687.6645  -2440707.0601       298.3458           1674.6430       116.5485  10198309.1806         7.9476         9.1025

LDB: ============= START OF LOAD BALANCING ============== 197.379
LDB: ============== END OF LOAD BALANCING =============== 197.379
LDB: =============== DONE WITH MIGRATION ================ 197.381
Info: Initial time: 1 CPUs 1.55597 s/step 18.009 days/ns 256.046 MB memory
TIMING: 100  CPU: 158.128, 1.5379/step  Wall: 159.794, 1.54165/step, 0.0428235 hours remaining, 256.045895 MB of memory in use.
PERFORMANCE: 100  averaging 0.0555267 ns/day, 1.55601 sec/step with standard deviation 0.0268048
ENERGY:     100    355512.4818    280794.0893     81969.5933      5091.3214       -4505248.5051    384397.4340         0.0000         0.0000    947995.1265       -2449488.4589       298.1688  -3397483.5854  -2440815.8651       298.4276           1710.1523       171.1342  10196273.8534        -6.4934        -6.6242

LDB: ============= START OF LOAD BALANCING ============== 228.028
LDB: ============== END OF LOAD BALANCING =============== 228.028
LDB: =============== DONE WITH MIGRATION ================ 228.029
TIMING: 120  CPU: 188.706, 1.52889/step  Wall: 190.448, 1.5327/step, 0.0340601 hours remaining, 256.045895 MB of memory in use.
PERFORMANCE: 120  averaging 0.0556657 ns/day, 1.55212 sec/step with standard deviation 0.0257936
ENERGY:     120    355839.7526    280001.1152     82202.0722      5079.0567       -4506885.7102    385558.9517         0.0000         0.0000    948474.6230       -2449730.1387       298.3197  -3398204.7617  -2441087.7261       298.4147           1688.6544       158.8484  10193543.5103       -23.7373       -25.7106

TIMING: 140  CPU: 219.463, 1.53784/step  Wall: 221.284, 1.54179/step, 0.0256965 hours remaining, 256.045895 MB of memory in use.
PERFORMANCE: 140  averaging 0.0557187 ns/day, 1.55065 sec/step with standard deviation 0.0238679
ENERGY:     140    355544.4051    279481.4341     82178.6769      5088.5361       -4504975.3494    383513.5579         0.0000         0.0000    949504.4764       -2449664.2630       298.6436  -3399168.7394  -2440923.0247       298.6029           1611.5263        85.7347  10196652.4563        24.1353        22.1099

TIMING: 160  CPU: 250.188, 1.53624/step  Wall: 252.083, 1.53996/step, 0.0171106 hours remaining, 256.045895 MB of memory in use.
PERFORMANCE: 160  averaging 0.0557667 ns/day, 1.54931 sec/step with standard deviation 0.0224183
ENERGY:     160    355248.4412    279080.1379     82077.9859      5045.7810       -4504278.4553    384059.8529         0.0000         0.0000    948703.4188       -2450062.8376       298.3916  -3398766.2564  -2441353.7127       298.3080           1651.7965       120.6873  10194647.9441         7.6472         6.7781

TIMING: 180  CPU: 280.915, 1.53635/step  Wall: 282.885, 1.54013/step, 0.00855628 hours remaining, 256.045895 MB of memory in use.
PERFORMANCE: 180  averaging 0.0558035 ns/day, 1.54829 sec/step with standard deviation 0.0211924
ENERGY:     180    355400.8299    279096.0931     82031.6062      5037.1176       -4504064.4820    383905.6847         0.0000         0.0000    948193.5514       -2450399.5991       298.2312  -3398593.1505  -2441621.0385       298.0676           1598.0619        83.6741  10194975.6996        10.9762        11.6631

LDB: ============= START OF LOAD BALANCING ============== 351.289
LDB: ============== END OF LOAD BALANCING =============== 351.289
LDB: =============== DONE WITH MIGRATION ================ 351.291
Info: Initial time: 1 CPUs 1.53456 s/step 17.7611 days/ns 256.046 MB memory
TIMING: 200  CPU: 311.204, 1.51444/step  Wall: 313.254, 1.51845/step, 0 hours remaining, 256.045895 MB of memory in use.
PERFORMANCE: 200  averaging 0.0559112 ns/day, 1.54531 sec/step with standard deviation 0.0220962
ETITLE:      TS           BOND          ANGLE          DIHED          IMPRP               ELECT            VDW       BOUNDARY           MISC        KINETIC               TOTAL           TEMP      POTENTIAL         TOTAL3        TEMPAVG            PRESSURE      GPRESSURE         VOLUME       PRESSAVG      GPRESSAVG

ENERGY:     200    355760.0860    279293.3031     81923.1613      5039.5901       -4504370.0916    383804.5289         0.0000         0.0000    947999.1418       -2450550.2803       298.1701  -3398549.4221  -2441764.2525       298.2600           1620.9428       128.0963  10195261.0551       -20.8048       -21.8970

WRITING EXTENDED SYSTEM TO OUTPUT FILE AT STEP 200
WRITING COORDINATES TO OUTPUT FILE AT STEP 200
The last position output (seq=-2) takes 0.009 seconds, 256.046 MB of memory in use
WRITING VELOCITIES TO OUTPUT FILE AT STEP 200
The last velocity output (seq=-2) takes 0.009 seconds, 256.046 MB of memory in use
====================================================

WallClock: 354.568481  CPUTime: 352.400482  Memory: 256.045895 MB
[Partition 0][Node 0] End of program
