Running "module reset". Resetting modules to system default. The following $MODULEPATH directories have been removed: None
Charm++> No provisioning arguments specified. Running with a single PE.
         Use +auto-provision to fully subscribe resources or +p1 to silence this message.
Charm++: standalone mode (not using charmrun)
Charm++> Running in Multicore mode: 1 threads (PEs)
Charm++> Using recursive bisection (scheme 3) for topology aware partitions
Converse/Charm++ Commit ID: v6.10.2-0-g7bf00fa-namd-charm-6.10.2-build-2020-Aug-05-556
Warning> Randomization of virtual memory (ASLR) is turned on in the kernel, thread migration may not work! Run 'echo 0 > /proc/sys/kernel/randomize_va_space' as root to disable it, or try running with '+isomalloc_sync'.
CharmLB> Load balancer assumes all CPUs are same.
Charm++> Running on 1 hosts
Charm++> cpu topology info is gathered in 0.001 seconds.
Info: NAMD 2.14 for Linux-x86_64-multicore
Info: 
Info: Please visit http://www.ks.uiuc.edu/Research/namd/
Info: for updates, documentation, and support information.
Info: 
Info: Please cite Phillips et al., J. Chem. Phys. 153:044130 (2020) doi:10.1063/5.0014475
Info: in all publications reporting results obtained with NAMD.
Info: 
Info: Based on Charm++/Converse 61002 for multicore-linux-x86_64-iccstatic
Info: Built Mon Aug 24 10:08:36 CDT 2020 by jim on belfast.ks.uiuc.edu
Info: 1 NAMD  2.14  Linux-x86_64-multicore  1    r815u23n02.grace.ycrc.yale.edu  ms725
Info: Running on 1 processors, 1 nodes, 1 physical nodes.
Info: CPU topology information available.
Info: Charm++/Converse parallel runtime startup completed at 0.0092604 s
CkLoopLib is used in SMP with simple dynamic scheduling (converse-level notification)
Info: 57.7695 MB of memory in use based on /proc/self/stat
Info: Configuration file is ../Data/stmv/stmv.namd
Info: Changed directory to ../Data/stmv
TCL: Suspending until startup complete.
Info: SIMULATION PARAMETERS:
Info: TIMESTEP               1
Info: NUMBER OF STEPS        200
Info: STEPS PER CYCLE        20
Info: PERIODIC CELL BASIS 1  216.832 0 0
Info: PERIODIC CELL BASIS 2  0 216.832 0
Info: PERIODIC CELL BASIS 3  0 0 216.832
Info: PERIODIC CELL CENTER   0 0 0
Info: LOAD BALANCER  Centralized
Info: LOAD BALANCING STRATEGY  New Load Balancers -- DEFAULT
Info: LDB PERIOD             4000 steps
Info: FIRST LDB TIMESTEP     100
Info: LAST LDB TIMESTEP     -1
Info: LDB BACKGROUND SCALING 1
Info: HOM BACKGROUND SCALING 1
Info: PME BACKGROUND SCALING 1
Info: MIN ATOMS PER PATCH    40
Info: INITIAL TEMPERATURE    298
Info: CENTER OF MASS MOVING INITIALLY? NO
Info: DIELECTRIC             1
Info: EXCLUDE                SCALED ONE-FOUR
Info: 1-4 ELECTROSTATICS SCALED BY 1
Info: MODIFIED 1-4 VDW PARAMETERS WILL BE USED
Info: NO DCD TRAJECTORY OUTPUT
Info: NO EXTENDED SYSTEM TRAJECTORY OUTPUT
Info: NO VELOCITY DCD OUTPUT
Info: NO FORCE DCD OUTPUT
Info: OUTPUT FILENAME        /usr/tmp/stmv-output
Info: BINARY OUTPUT FILES WILL BE USED
Info: NO RESTART FILE
Info: SWITCHING ACTIVE
Info: SWITCHING ON           10
Info: SWITCHING OFF          12
Info: PAIRLIST DISTANCE      13.5
Info: PAIRLIST SHRINK RATE   0.01
Info: PAIRLIST GROW RATE     0.01
Info: PAIRLIST TRIGGER       0.3
Info: PAIRLISTS PER CYCLE    2
Info: PAIRLISTS ENABLED
Info: MARGIN                 0.48
Info: HYDROGEN GROUP CUTOFF  2.5
Info: PATCH DIMENSION        16.48
Info: ENERGY OUTPUT STEPS    20
Info: CROSSTERM ENERGY INCLUDED IN DIHEDRAL
Info: TIMING OUTPUT STEPS    20
Info: LANGEVIN DYNAMICS ACTIVE
Info: LANGEVIN TEMPERATURE   298
Info: LANGEVIN USING BBK INTEGRATOR
Info: LANGEVIN DAMPING COEFFICIENT IS 5 INVERSE PS
Info: LANGEVIN DYNAMICS NOT APPLIED TO HYDROGENS
Info: LANGEVIN PISTON PRESSURE CONTROL ACTIVE
Info:        TARGET PRESSURE IS 1.01325 BAR
Info:     OSCILLATION PERIOD IS 100 FS
Info:             DECAY TIME IS 50 FS
Info:     PISTON TEMPERATURE IS 298 K
Info:       PRESSURE CONTROL IS GROUP-BASED
Info:    INITIAL STRAIN RATE IS 0 0 0
Info:       CELL FLUCTUATION IS ISOTROPIC
Info: PARTICLE MESH EWALD (PME) ACTIVE
Info: PME TOLERANCE               1e-06
Info: PME EWALD COEFFICIENT       0.257952
Info: PME INTERPOLATION ORDER     4
Info: PME GRID DIMENSIONS         216 216 216
Info: PME MAXIMUM GRID SPACING    1.5
Info: Attempting to read FFTW data from FFTW_NAMD_2.14_Linux-x86_64-multicore.txt
Info: Optimizing 6 FFT steps.  1... 2... 3... 4... 5... 6...   Done.
Info: Writing FFTW data to FFTW_NAMD_2.14_Linux-x86_64-multicore.txt
Info: FULL ELECTROSTATIC EVALUATION FREQUENCY      4
Info: USING VERLET I (r-RESPA) MTS SCHEME.
Info: C1 SPLITTING OF LONG RANGE ELECTROSTATICS
Info: PLACING ATOMS IN PATCHES BY HYDROGEN GROUPS
Info: RANDOM NUMBER SEED     1740691412
Info: USE HYDROGEN BONDS?    NO
Info: COORDINATE PDB         stmv.pdb
Info: STRUCTURE FILE         stmv.psf
Info: PARAMETER file: CHARMM format! 
Info: PARAMETERS             par_all27_prot_na.inp
Info: USING ARITHMETIC MEAN TO COMBINE L-J SIGMA PARAMETERS
Info: SUMMARY OF PARAMETERS:
Info: 250 BONDS
Info: 622 ANGLES
Info: 1049 DIHEDRAL
Info: 73 IMPROPER
Info: 0 CROSSTERM
Info: 130 VDW
Info: 0 VDW_PAIRS
Info: 0 NBTHOLE_PAIRS
Info: TIME FOR READING PSF FILE: 6.671
Info: Reading pdb file stmv.pdb
Info: TIME FOR READING PDB FILE: 0.99331
Info: 
Info: ****************************
Info: STRUCTURE SUMMARY:
Info: 1066628 ATOMS
Info: 769956 BONDS
Info: 605872 ANGLES
Info: 450875 DIHEDRALS
Info: 24578 IMPROPERS
Info: 0 CROSSTERMS
Info: 0 EXCLUSIONS
Info: 3199884 DEGREES OF FREEDOM
Info: 389067 HYDROGEN GROUPS
Info: 4 ATOMS IN LARGEST HYDROGEN GROUP
Info: 389067 MIGRATION GROUPS
Info: 4 ATOMS IN LARGEST MIGRATION GROUP
Info: TOTAL MASS = 6.69877e+06 amu
Info: TOTAL CHARGE = 0.000168104 e
Info: MASS DENSITY = 1.09115 g/cm^3
Info: ATOM DENSITY = 0.104627 atoms/A^3
Info: *****************************
Info: 
Info: Entering startup at 7.73394 s, 547.32 MB of memory in use
Info: Startup phase 0 took 0.000689004 s, 547.32 MB of memory in use
Info: ADDED 1810196 IMPLICIT EXCLUSIONS
Info: Startup phase 1 took 0.330991 s, 758.977 MB of memory in use
Info: NONBONDED TABLE R-SQUARED SPACING: 0.0625
Info: NONBONDED TABLE SIZE: 769 POINTS
Info: ABSOLUTE IMPRECISION IN FAST TABLE FORCE: 2.64698e-23 AT 11.9138
Info: RELATIVE IMPRECISION IN FAST TABLE FORCE: 1.40436e-16 AT 11.9138
Info: INCONSISTENCY IN FAST TABLE ENERGY VS FORCE: 0.000325096 AT 11.9556
Info: ABSOLUTE IMPRECISION IN SCOR TABLE FORCE: 4.10282e-22 AT 11.9138
Info: RELATIVE IMPRECISION IN SCOR TABLE FORCE: 3.56912e-15 AT 11.9138
Info: INCONSISTENCY IN SCOR TABLE ENERGY VS FORCE: 0.000324844 AT 11.9556
Info: ABSOLUTE IMPRECISION IN VDWA TABLE ENERGY: 9.86076e-32 AT 11.8295
Info: RELATIVE IMPRECISION IN VDWA TABLE ENERGY: 6.75473e-14 AT 11.9138
Info: ABSOLUTE IMPRECISION IN VDWA TABLE FORCE: 4.62223e-32 AT 11.9138
Info: RELATIVE IMPRECISION IN VDWA TABLE FORCE: 2.12237e-15 AT 11.9138
Info: INCONSISTENCY IN VDWA TABLE ENERGY VS FORCE: 0.0040507 AT 0.251946
Info: ABSOLUTE IMPRECISION IN VDWB TABLE ENERGY: 4.1359e-25 AT 11.8295
Info: RELATIVE IMPRECISION IN VDWB TABLE ENERGY: 7.56853e-15 AT 11.9138
Info: ABSOLUTE IMPRECISION IN VDWB TABLE FORCE: 3.87741e-26 AT 11.9138
Info: RELATIVE IMPRECISION IN VDWB TABLE FORCE: 5.97409e-16 AT 11.9138
Info: INCONSISTENCY IN VDWB TABLE ENERGY VS FORCE: 0.00150189 AT 0.251946
Info: Startup phase 2 took 0.000610002 s, 758.977 MB of memory in use
Info: Startup phase 3 took 1.7446e-05 s, 758.977 MB of memory in use
Info: Startup phase 4 took 0.00218383 s, 758.977 MB of memory in use
Info: Startup phase 5 took 4.0092e-05 s, 758.977 MB of memory in use
Info: PATCH GRID IS 13 (PERIODIC) BY 13 (PERIODIC) BY 13 (PERIODIC)
Info: PATCH GRID IS 1-AWAY BY 1-AWAY BY 1-AWAY
Info: REMOVING COM VELOCITY 0.00734456 -0.00820692 -0.00792093
Info: LARGEST PATCH (1044) HAS 541 ATOMS
Info: TORUS A SIZE 1 USING 0
Info: TORUS B SIZE 1 USING 0
Info: TORUS C SIZE 1 USING 0
Info: TORUS MINIMAL MESH SIZE IS 1 BY 1 BY 1
Info: Placed 100% of base nodes on same physical node as patch
Info: Startup phase 6 took 0.292624 s, 929 MB of memory in use
Info: PME using 1 and 1 processors for FFT and reciprocal sum.
Info: PME GRID LOCATIONS: 0
Info: PME TRANS LOCATIONS: 0
Info: PME USING 1 GRID NODES AND 1 TRANS NODES
Info: Optimizing 4 FFT steps.  1... 2... 3... 4...   Done.
Info: Startup phase 7 took 0.00949999 s, 967.801 MB of memory in use
Info: Startup phase 8 took 5.5417e-05 s, 967.801 MB of memory in use
Info: Startup phase 9 took 4.7362e-05 s, 967.801 MB of memory in use
Info: Startup phase 10 took 1.0521e-05 s, 967.801 MB of memory in use
Info: Startup phase 11 took 1.9362e-05 s, 967.801 MB of memory in use
LDB: Central LB being created...
Info: Startup phase 12 took 0.000607797 s, 967.801 MB of memory in use
Info: CREATING 43945 COMPUTE OBJECTS
Info: Startup phase 13 took 0.110683 s, 1068.48 MB of memory in use
Info: Startup phase 14 took 7.9896e-05 s, 1068.48 MB of memory in use
Info: Startup phase 15 took 0.00585087 s, 1343.89 MB of memory in use
Info: Finished startup at 8.48795 s, 1343.89 MB of memory in use

ETITLE:      TS           BOND          ANGLE          DIHED          IMPRP               ELECT            VDW       BOUNDARY           MISC        KINETIC               TOTAL           TEMP      POTENTIAL         TOTAL3        TEMPAVG            PRESSURE      GPRESSURE         VOLUME       PRESSAVG      GPRESSAVG

ENERGY:       0    354072.1600    280839.0161     81957.9556      4995.4407       -4503168.0870    384266.4685         0.0000         0.0000    946128.4643       -2450908.5819       297.5817  -3397037.0461  -2442269.3569       297.5817           1820.1540       188.4251  10194598.5131      1820.1540       188.4251

LDB: ============= START OF LOAD BALANCING ============== 123.622
LDB: ============== END OF LOAD BALANCING =============== 123.623
LDB: =============== DONE WITH MIGRATION ================ 123.626
TIMING: 20  CPU: 127.564, 5.70107/step  Wall: 127.907, 5.71603/step, 0.285802 hours remaining, 3475.347656 MB of memory in use.
ENERGY:      20    354795.5509    281082.7341     81962.7395      4964.5902       -4506491.7317    384532.3858         0.0000         0.0000    948614.1207       -2450539.6104       298.3635  -3399153.7311  -2441905.6393       297.9304           1732.0075       136.1833  10193283.3447       -15.6495       -14.8219

TIMING: 40  CPU: 241.182, 5.6809/step  Wall: 241.817, 5.69546/step, 0.253132 hours remaining, 3508.093750 MB of memory in use.
ENERGY:      40    354921.4350    280577.0854     81994.9039      5005.6175       -4504775.8091    383813.1664         0.0000         0.0000    947907.0555       -2450556.5455       298.1411  -3398463.6010  -2441837.8748       297.9531           1682.2107       125.9228  10195383.3981        20.9240        19.9666

TIMING: 60  CPU: 355.141, 5.69797/step  Wall: 356.076, 5.71298/step, 0.222171 hours remaining, 3527.449219 MB of memory in use.
ENERGY:      60    355553.5623    280991.6659     81970.7225      5013.6625       -4506849.5752    384695.9172         0.0000         0.0000    947880.9647       -2450743.0800       298.1329  -3398624.0448  -2442161.5995       298.0661           1694.2305       142.3224  10193511.1928         6.0150         3.6299

TIMING: 80  CPU: 469.201, 5.70298/step  Wall: 470.444, 5.71839/step, 0.190613 hours remaining, 3540.335938 MB of memory in use.
ENERGY:      80    355827.5834    280494.2579     81806.4419      5042.5154       -4506468.5957    383980.8625         0.0000         0.0000    948350.4753       -2450966.4593       298.2806  -3399316.9346  -2442315.7852       298.3264           1643.3990        84.3286  10195582.1583        -0.4330        -0.6069

LDB: ============= START OF LOAD BALANCING ============== 580.396
LDB: ============== END OF LOAD BALANCING =============== 580.398
LDB: =============== DONE WITH MIGRATION ================ 580.401
Info: Initial time: 1 CPUs 5.70865 s/step 66.0723 days/ns 3549.95 MB memory
TIMING: 100  CPU: 582.916, 5.68574/step  Wall: 584.462, 5.7009/step, 0.158358 hours remaining, 3549.953125 MB of memory in use.
ENERGY:     100    355871.6121    280542.4460     82069.4062      5033.8670       -4506785.6854    385032.2071         0.0000         0.0000    946809.8330       -2451426.3140       297.7960  -3398236.1470  -2442735.1349       298.1535           1617.1991        81.4096  10196596.9079        14.6892        15.9828

LDB: ============= START OF LOAD BALANCING ============== 693.888
LDB: ============== END OF LOAD BALANCING =============== 693.89
LDB: =============== DONE WITH MIGRATION ================ 693.892
TIMING: 120  CPU: 696.372, 5.67282/step  Wall: 698.224, 5.6881/step, 0.126402 hours remaining, 3556.890625 MB of memory in use.
ENERGY:     120    356384.0675    280798.6254     82005.0311      5037.5898       -4509606.7699    386281.7897         0.0000         0.0000    947586.9337       -2451512.7326       298.0405  -3399099.6664  -2442816.6223       298.2169           1655.6412       157.1944  10193330.5236       -12.3699       -12.9699

TIMING: 140  CPU: 809.544, 5.65861/step  Wall: 811.682, 5.67288/step, 0.0945481 hours remaining, 3562.582031 MB of memory in use.
ENERGY:     140    355966.5710    280149.6797     81984.5446      5026.5116       -4507758.9442    385535.1014         0.0000         0.0000    947591.6519       -2451504.8841       298.0419  -3399096.5360  -2442769.8069       298.1549           1628.2403       135.2441  10194968.4801        -9.0534       -12.6659

TIMING: 160  CPU: 923.179, 5.68171/step  Wall: 925.612, 5.69652/step, 0.0632946 hours remaining, 3568.007812 MB of memory in use.
ENERGY:     160    355791.9443    279641.5975     82019.7945      5051.3264       -4506528.3014    384513.2479         0.0000         0.0000    947661.0400       -2451849.3508       298.0638  -3399510.3908  -2443095.7455       298.1896           1617.3910       102.3961  10197232.3711        10.4049         8.4078

TIMING: 180  CPU: 1036.32, 5.65731/step  Wall: 1039.04, 5.67137/step, 0.0315076 hours remaining, 3573.062500 MB of memory in use.
ENERGY:     180    356419.2506    279669.4959     81918.5366      5061.1629       -4507749.6709    385016.0384         0.0000         0.0000    947674.7126       -2451990.4739       298.0681  -3399665.1865  -2443262.1678       298.1567           1632.7794       121.2289  10194932.1729       -12.4627       -12.7630

LDB: ============= START OF LOAD BALANCING ============== 1148.74
LDB: ============== END OF LOAD BALANCING =============== 1148.74
LDB: =============== DONE WITH MIGRATION ================ 1148.74
Info: Initial time: 1 CPUs 5.66924 s/step 65.6162 days/ns 3577.04 MB memory
TIMING: 200  CPU: 1148.39, 5.60312/step  Wall: 1151.4, 5.61781/step, 0 hours remaining, 3577.039062 MB of memory in use.
ETITLE:      TS           BOND          ANGLE          DIHED          IMPRP               ELECT            VDW       BOUNDARY           MISC        KINETIC               TOTAL           TEMP      POTENTIAL         TOTAL3        TEMPAVG            PRESSURE      GPRESSURE         VOLUME       PRESSAVG      GPRESSAVG

ENERGY:     200    356137.7621    280060.3011     81987.8908      4966.3921       -4507667.2369    385111.2785         0.0000         0.0000    947434.4919       -2451969.1205       297.9925  -3399403.6124  -2443285.0413       298.1170           1596.1912       126.7843  10194670.0579        25.5314        26.0778

WRITING EXTENDED SYSTEM TO OUTPUT FILE AT STEP 200
WRITING COORDINATES TO OUTPUT FILE AT STEP 200
The last position output (seq=-2) takes 0.014 seconds, 3577.039 MB of memory in use
WRITING VELOCITIES TO OUTPUT FILE AT STEP 200
The last velocity output (seq=-2) takes 0.014 seconds, 3577.039 MB of memory in use
====================================================

WallClock: 1160.050293  CPUTime: 1156.971191  Memory: 3577.039062 MB
[Partition 0][Node 0] End of program
