Running "module reset". Resetting modules to system default. The following $MODULEPATH directories have been removed: None
Charm++> No provisioning arguments specified. Running with a single PE.
         Use +auto-provision to fully subscribe resources or +p1 to silence this message.
Charm++: standalone mode (not using charmrun)
Charm++> Running in Multicore mode: 1 threads (PEs)
Charm++> Using recursive bisection (scheme 3) for topology aware partitions
Converse/Charm++ Commit ID: v6.10.2-0-g7bf00fa-namd-charm-6.10.2-build-2020-Aug-05-556
Warning> Randomization of virtual memory (ASLR) is turned on in the kernel, thread migration may not work! Run 'echo 0 > /proc/sys/kernel/randomize_va_space' as root to disable it, or try running with '+isomalloc_sync'.
CharmLB> Load balancer assumes all CPUs are same.
Charm++> Running on 1 hosts
Charm++> cpu topology info is gathered in 0.001 seconds.
Info: NAMD 2.14 for Linux-x86_64-multicore
Info: 
Info: Please visit http://www.ks.uiuc.edu/Research/namd/
Info: for updates, documentation, and support information.
Info: 
Info: Please cite Phillips et al., J. Chem. Phys. 153:044130 (2020) doi:10.1063/5.0014475
Info: in all publications reporting results obtained with NAMD.
Info: 
Info: Based on Charm++/Converse 61002 for multicore-linux-x86_64-iccstatic
Info: Built Mon Aug 24 10:08:36 CDT 2020 by jim on belfast.ks.uiuc.edu
Info: 1 NAMD  2.14  Linux-x86_64-multicore  1    r205u23n03.mccleary.ycrc.yale.edu  ms725
Info: Running on 1 processors, 1 nodes, 1 physical nodes.
Info: CPU topology information available.
Info: Charm++/Converse parallel runtime startup completed at 0.0015035 s
CkLoopLib is used in SMP with simple dynamic scheduling (converse-level notification)
Info: 57.6211 MB of memory in use based on /proc/self/stat
Info: Configuration file is stmv.namd
Info: Working in the current directory /vast/palmer/project/support/ms725/IntermediateHPC/Examples/NAMD
TCL: Suspending until startup complete.
Info: SIMULATION PARAMETERS:
Info: TIMESTEP               1
Info: NUMBER OF STEPS        200
Info: STEPS PER CYCLE        20
Info: PERIODIC CELL BASIS 1  216.832 0 0
Info: PERIODIC CELL BASIS 2  0 216.832 0
Info: PERIODIC CELL BASIS 3  0 0 216.832
Info: PERIODIC CELL CENTER   0 0 0
Info: LOAD BALANCER  Centralized
Info: LOAD BALANCING STRATEGY  New Load Balancers -- DEFAULT
Info: LDB PERIOD             4000 steps
Info: FIRST LDB TIMESTEP     100
Info: LAST LDB TIMESTEP     -1
Info: LDB BACKGROUND SCALING 1
Info: HOM BACKGROUND SCALING 1
Info: PME BACKGROUND SCALING 1
Info: MIN ATOMS PER PATCH    40
Info: INITIAL TEMPERATURE    298
Info: CENTER OF MASS MOVING INITIALLY? NO
Info: DIELECTRIC             1
Info: EXCLUDE                SCALED ONE-FOUR
Info: 1-4 ELECTROSTATICS SCALED BY 1
Info: MODIFIED 1-4 VDW PARAMETERS WILL BE USED
Info: NO DCD TRAJECTORY OUTPUT
Info: NO EXTENDED SYSTEM TRAJECTORY OUTPUT
Info: NO VELOCITY DCD OUTPUT
Info: NO FORCE DCD OUTPUT
Info: OUTPUT FILENAME        /usr/tmp/stmv-output
Info: BINARY OUTPUT FILES WILL BE USED
Info: NO RESTART FILE
Info: SWITCHING ACTIVE
Info: SWITCHING ON           10
Info: SWITCHING OFF          12
Info: PAIRLIST DISTANCE      13.5
Info: PAIRLIST SHRINK RATE   0.01
Info: PAIRLIST GROW RATE     0.01
Info: PAIRLIST TRIGGER       0.3
Info: PAIRLISTS PER CYCLE    2
Info: PAIRLISTS ENABLED
Info: MARGIN                 0.48
Info: HYDROGEN GROUP CUTOFF  2.5
Info: PATCH DIMENSION        16.48
Info: ENERGY OUTPUT STEPS    20
Info: CROSSTERM ENERGY INCLUDED IN DIHEDRAL
Info: TIMING OUTPUT STEPS    20
Info: LANGEVIN DYNAMICS ACTIVE
Info: LANGEVIN TEMPERATURE   298
Info: LANGEVIN USING BBK INTEGRATOR
Info: LANGEVIN DAMPING COEFFICIENT IS 5 INVERSE PS
Info: LANGEVIN DYNAMICS NOT APPLIED TO HYDROGENS
Info: LANGEVIN PISTON PRESSURE CONTROL ACTIVE
Info:        TARGET PRESSURE IS 1.01325 BAR
Info:     OSCILLATION PERIOD IS 100 FS
Info:             DECAY TIME IS 50 FS
Info:     PISTON TEMPERATURE IS 298 K
Info:       PRESSURE CONTROL IS GROUP-BASED
Info:    INITIAL STRAIN RATE IS 0 0 0
Info:       CELL FLUCTUATION IS ISOTROPIC
Info: PARTICLE MESH EWALD (PME) ACTIVE
Info: PME TOLERANCE               1e-06
Info: PME EWALD COEFFICIENT       0.257952
Info: PME INTERPOLATION ORDER     4
Info: PME GRID DIMENSIONS         216 216 216
Info: PME MAXIMUM GRID SPACING    1.5
Info: Attempting to read FFTW data from FFTW_NAMD_2.14_Linux-x86_64-multicore.txt
Info: Optimizing 6 FFT steps.  1... 2... 3... 4... 5... 6...   Done.
Info: Writing FFTW data to FFTW_NAMD_2.14_Linux-x86_64-multicore.txt
Info: FULL ELECTROSTATIC EVALUATION FREQUENCY      4
Info: USING VERLET I (r-RESPA) MTS SCHEME.
Info: C1 SPLITTING OF LONG RANGE ELECTROSTATICS
Info: PLACING ATOMS IN PATCHES BY HYDROGEN GROUPS
Info: RANDOM NUMBER SEED     1740495817
Info: USE HYDROGEN BONDS?    NO
Info: COORDINATE PDB         stmv.pdb
Info: STRUCTURE FILE         stmv.psf
Info: PARAMETER file: CHARMM format! 
Info: PARAMETERS             par_all27_prot_na.inp
Info: USING ARITHMETIC MEAN TO COMBINE L-J SIGMA PARAMETERS
Info: SUMMARY OF PARAMETERS:
Info: 250 BONDS
Info: 622 ANGLES
Info: 1049 DIHEDRAL
Info: 73 IMPROPER
Info: 0 CROSSTERM
Info: 130 VDW
Info: 0 VDW_PAIRS
Info: 0 NBTHOLE_PAIRS
Info: TIME FOR READING PSF FILE: 8.4895
Info: Reading pdb file stmv.pdb
Info: TIME FOR READING PDB FILE: 1.25033
Info: 
Info: ****************************
Info: STRUCTURE SUMMARY:
Info: 1066628 ATOMS
Info: 769956 BONDS
Info: 605872 ANGLES
Info: 450875 DIHEDRALS
Info: 24578 IMPROPERS
Info: 0 CROSSTERMS
Info: 0 EXCLUSIONS
Info: 3199884 DEGREES OF FREEDOM
Info: 389067 HYDROGEN GROUPS
Info: 4 ATOMS IN LARGEST HYDROGEN GROUP
Info: 389067 MIGRATION GROUPS
Info: 4 ATOMS IN LARGEST MIGRATION GROUP
Info: TOTAL MASS = 6.69877e+06 amu
Info: TOTAL CHARGE = 0.000168104 e
Info: MASS DENSITY = 1.09115 g/cm^3
Info: ATOM DENSITY = 0.104627 atoms/A^3
Info: *****************************
Info: 
Info: Entering startup at 9.80384 s, 547.23 MB of memory in use
Info: Startup phase 0 took 0.000722877 s, 547.23 MB of memory in use
Info: ADDED 1810196 IMPLICIT EXCLUSIONS
Info: Startup phase 1 took 0.406577 s, 758.883 MB of memory in use
Info: NONBONDED TABLE R-SQUARED SPACING: 0.0625
Info: NONBONDED TABLE SIZE: 769 POINTS
Info: ABSOLUTE IMPRECISION IN FAST TABLE FORCE: 2.64698e-23 AT 11.9138
Info: RELATIVE IMPRECISION IN FAST TABLE FORCE: 1.40436e-16 AT 11.9138
Info: INCONSISTENCY IN FAST TABLE ENERGY VS FORCE: 0.000325096 AT 11.9556
Info: ABSOLUTE IMPRECISION IN SCOR TABLE FORCE: 4.10282e-22 AT 11.9138
Info: RELATIVE IMPRECISION IN SCOR TABLE FORCE: 3.56912e-15 AT 11.9138
Info: INCONSISTENCY IN SCOR TABLE ENERGY VS FORCE: 0.000324844 AT 11.9556
Info: ABSOLUTE IMPRECISION IN VDWA TABLE ENERGY: 9.86076e-32 AT 11.8295
Info: RELATIVE IMPRECISION IN VDWA TABLE ENERGY: 6.75473e-14 AT 11.9138
Info: ABSOLUTE IMPRECISION IN VDWA TABLE FORCE: 4.62223e-32 AT 11.9138
Info: RELATIVE IMPRECISION IN VDWA TABLE FORCE: 2.12237e-15 AT 11.9138
Info: INCONSISTENCY IN VDWA TABLE ENERGY VS FORCE: 0.0040507 AT 0.251946
Info: ABSOLUTE IMPRECISION IN VDWB TABLE ENERGY: 4.1359e-25 AT 11.8295
Info: RELATIVE IMPRECISION IN VDWB TABLE ENERGY: 7.56853e-15 AT 11.9138
Info: ABSOLUTE IMPRECISION IN VDWB TABLE FORCE: 3.87741e-26 AT 11.9138
Info: RELATIVE IMPRECISION IN VDWB TABLE FORCE: 5.97409e-16 AT 11.9138
Info: INCONSISTENCY IN VDWB TABLE ENERGY VS FORCE: 0.00150189 AT 0.251946
Info: Startup phase 2 took 0.000745357 s, 758.883 MB of memory in use
Info: Startup phase 3 took 2.455e-05 s, 758.883 MB of memory in use
Info: Startup phase 4 took 0.000838049 s, 758.883 MB of memory in use
Info: Startup phase 5 took 3.523e-05 s, 758.883 MB of memory in use
Info: PATCH GRID IS 13 (PERIODIC) BY 13 (PERIODIC) BY 13 (PERIODIC)
Info: PATCH GRID IS 1-AWAY BY 1-AWAY BY 1-AWAY
Info: REMOVING COM VELOCITY 0.00185962 -0.00373817 -0.00319838
Info: LARGEST PATCH (1044) HAS 541 ATOMS
Info: TORUS A SIZE 1 USING 0
Info: TORUS B SIZE 1 USING 0
Info: TORUS C SIZE 1 USING 0
Info: TORUS MINIMAL MESH SIZE IS 1 BY 1 BY 1
Info: Placed 100% of base nodes on same physical node as patch
Info: Startup phase 6 took 0.336102 s, 933.23 MB of memory in use
Info: PME using 1 and 1 processors for FFT and reciprocal sum.
Info: PME GRID LOCATIONS: 0
Info: PME TRANS LOCATIONS: 0
Info: PME USING 1 GRID NODES AND 1 TRANS NODES
Info: Optimizing 4 FFT steps.  1... 2... 3... 4...   Done.
Info: Startup phase 7 took 0.0197044 s, 972.031 MB of memory in use
Info: Startup phase 8 took 6.5437e-05 s, 972.031 MB of memory in use
Info: Startup phase 9 took 6.2564e-05 s, 972.031 MB of memory in use
Info: Startup phase 10 took 1.2931e-05 s, 972.031 MB of memory in use
Info: Startup phase 11 took 2.2417e-05 s, 972.031 MB of memory in use
LDB: Central LB being created...
Info: Startup phase 12 took 0.000705667 s, 972.031 MB of memory in use
Info: CREATING 43945 COMPUTE OBJECTS
Info: Startup phase 13 took 0.131851 s, 1068.39 MB of memory in use
Info: Startup phase 14 took 8.1513e-05 s, 1068.39 MB of memory in use
Info: Startup phase 15 took 0.00545355 s, 1343.93 MB of memory in use
Info: Finished startup at 10.7068 s, 1343.93 MB of memory in use

ETITLE:      TS           BOND          ANGLE          DIHED          IMPRP               ELECT            VDW       BOUNDARY           MISC        KINETIC               TOTAL           TEMP      POTENTIAL         TOTAL3        TEMPAVG            PRESSURE      GPRESSURE         VOLUME       PRESSAVG      GPRESSAVG

ENERGY:       0    354072.1600    280839.0161     81957.9556      4995.4407       -4503168.0870    384266.4685         0.0000         0.0000    947739.2805       -2449297.7656       298.0884  -3397037.0461  -2440658.5406       298.0884           1827.4750       190.3300  10194598.5131      1827.4750       190.3300

LDB: ============= START OF LOAD BALANCING ============== 166.332
LDB: ============== END OF LOAD BALANCING =============== 166.333
LDB: =============== DONE WITH MIGRATION ================ 166.335
TIMING: 20  CPU: 171.772, 7.70855/step  Wall: 172.228, 7.72897/step, 0.386448 hours remaining, 3473.320312 MB of memory in use.
ENERGY:      20    354635.1677    280929.5516     81928.3242      5035.8820       -4504825.1894    384054.0909         0.0000         0.0000    948971.4809       -2449270.6921       298.4759  -3398242.1730  -2440562.1564       298.1732           1705.1118       108.2591  10196371.0987       -14.4690       -15.6583

TIMING: 40  CPU: 326.468, 7.73479/step  Wall: 327.337, 7.75545/step, 0.344687 hours remaining, 3507.382812 MB of memory in use.
ENERGY:      40    354453.2593    280631.5612     82097.4040      4987.7588       -4503864.8447    383765.5937         0.0000         0.0000    948808.5832       -2449120.6845       298.4247  -3397929.2677  -2440383.8197       298.1755           1637.2945        74.7210  10197916.0688         4.2880         1.7274

TIMING: 60  CPU: 481.113, 7.73226/step  Wall: 482.4, 7.75313/step, 0.301511 hours remaining, 3526.898438 MB of memory in use.
ENERGY:      60    355248.9650    280904.9591     82271.0597      5074.7061       -4505104.8938    384372.6957         0.0000         0.0000    948491.7880       -2448740.7202       298.3251  -3397232.5082  -2440035.1155       298.3332           1674.8111       110.9625  10195300.1806        14.2112        13.0674

TIMING: 80  CPU: 635.466, 7.71767/step  Wall: 637.172, 7.73859/step, 0.257953 hours remaining, 3540.343750 MB of memory in use.
ENERGY:      80    355558.0351    280557.5226     82227.1422      5091.1308       -4504806.5425    383765.0812         0.0000         0.0000    948701.5951       -2448906.0355       298.3910  -3397607.6306  -2440224.3065       298.5772           1666.3064       108.8421  10196411.4443         2.4099         5.1146

LDB: ============= START OF LOAD BALANCING ============== 786.12
LDB: ============== END OF LOAD BALANCING =============== 786.123
LDB: =============== DONE WITH MIGRATION ================ 786.126
Info: Initial time: 1 CPUs 7.74178 s/step 89.6039 days/ns 3549.86 MB memory
TIMING: 100  CPU: 789.717, 7.71252/step  Wall: 791.836, 7.73324/step, 0.214812 hours remaining, 3549.859375 MB of memory in use.
ENERGY:     100    355730.6250    279824.3807     82084.3323      5019.2323       -4506131.3170    385670.8244         0.0000         0.0000    949484.6051       -2448317.3173       298.6373  -3397801.9223  -2439633.1839       298.6218           1730.8536       173.4849  10194166.2689        -9.6732        -9.6412

LDB: ============= START OF LOAD BALANCING ============== 940.372
LDB: ============== END OF LOAD BALANCING =============== 940.372
LDB: =============== DONE WITH MIGRATION ================ 940.374
TIMING: 120  CPU: 943.557, 7.692/step  Wall: 946.099, 7.71313/step, 0.171403 hours remaining, 3556.632812 MB of memory in use.
ENERGY:     120    355601.5625    279378.5611     82049.9543      5047.5466       -4503600.1904    382558.9431         0.0000         0.0000    950119.4373       -2448844.1856       298.8370  -3398963.6229  -2440136.7107       298.6975           1599.6942        43.8447  10198845.4372        -2.8562        -4.8544

TIMING: 140  CPU: 1097.65, 7.70456/step  Wall: 1100.6, 7.72526/step, 0.128754 hours remaining, 3561.910156 MB of memory in use.
ENERGY:     140    355955.0875    279657.6179     82093.7136      4950.3383       -4505067.3704    383935.3736         0.0000         0.0000    949515.0324       -2448960.2071       298.6469  -3398475.2394  -2440279.2736       298.5114           1636.3099        78.8682  10196513.8660        26.1041        22.9542

TIMING: 160  CPU: 1251.75, 7.70531/step  Wall: 1255.13, 7.72607/step, 0.0858453 hours remaining, 3567.156250 MB of memory in use.
ENERGY:     160    355819.0419    279917.6749     82213.8381      5015.5895       -4505532.1844    383943.2253         0.0000         0.0000    949579.4909       -2449043.3237       298.6672  -3398622.8146  -2440350.4437       298.5821           1642.2650       106.4706  10196316.2924        -5.8600        -7.0172

TIMING: 180  CPU: 1405.65, 7.6949/step  Wall: 1409.43, 7.7154/step, 0.0428633 hours remaining, 3572.550781 MB of memory in use.
ENERGY:     180    355925.1590    279975.7186     82044.4974      4991.2678       -4506030.1471    385182.2403         0.0000         0.0000    949165.9727       -2448745.2913       298.5371  -3397911.2640  -2440055.6814       298.6627           1634.8841       126.9030  10194009.0777        -4.5941        -5.3295

LDB: ============= START OF LOAD BALANCING ============== 1558.02
LDB: ============== END OF LOAD BALANCING =============== 1558.02
LDB: =============== DONE WITH MIGRATION ================ 1558.02
Info: Initial time: 1 CPUs 7.69967 s/step 89.1166 days/ns 3577.41 MB memory
TIMING: 200  CPU: 1557.62, 7.59857/step  Wall: 1561.81, 7.61889/step, 0 hours remaining, 3577.410156 MB of memory in use.
ETITLE:      TS           BOND          ANGLE          DIHED          IMPRP               ELECT            VDW       BOUNDARY           MISC        KINETIC               TOTAL           TEMP      POTENTIAL         TOTAL3        TEMPAVG            PRESSURE      GPRESSURE         VOLUME       PRESSAVG      GPRESSAVG

ENERGY:     200    356322.1609    280561.0078     81928.6829      5067.0658       -4504782.5952    382847.6602         0.0000         0.0000    948760.3265       -2449295.6910       298.4095  -3398056.0176  -2440603.4353       298.4620           1546.7112        58.1436  10198297.6782       -12.5134       -12.1003

WRITING EXTENDED SYSTEM TO OUTPUT FILE AT STEP 200
WRITING COORDINATES TO OUTPUT FILE AT STEP 200
The last position output (seq=-2) takes 0.015 seconds, 3577.410 MB of memory in use
WRITING VELOCITIES TO OUTPUT FILE AT STEP 200
The last velocity output (seq=-2) takes 0.015 seconds, 3577.410 MB of memory in use
====================================================

WallClock: 1572.701294  CPUTime: 1568.467773  Memory: 3577.410156 MB
[Partition 0][Node 0] End of program
