Running "module reset". Resetting modules to system default. The following $MODULEPATH directories have been removed: None
Charm++> No provisioning arguments specified. Running with a single PE.
         Use +auto-provision to fully subscribe resources or +p1 to silence this message.
Charm++: standalone mode (not using charmrun)
Charm++> Running in Multicore mode: 1 threads (PEs)
Charm++> Using recursive bisection (scheme 3) for topology aware partitions
Converse/Charm++ Commit ID:
CharmLB> Load balancer assumes all CPUs are same.
Charm++> Running on 1 hosts
Charm++> cpu topology info is gathered in 0.001 seconds.
CharmLB> Load balancing instrumentation for communication is off.
Info: NAMD 3.0.2 for Linux-x86_64-multicore
Info:
Info: Please visit http://www.ks.uiuc.edu/Research/namd/
Info: for updates, documentation, and support information.
Info:
Info: Please cite Phillips et al., J. Chem. Phys. 153:044130 (2020) doi:10.1063/5.0014475
Info: in all publications reporting results obtained with NAMD.
Info:
Info: Based on Charm++/Converse 80000 for multicore-linux-x86_64-gcc
Info: Built Wed Aug 27 16:19:18 CDT 2025 by dhardy on athine.ks.uiuc.edu
Info: 1 NAMD  3.0.2  Linux-x86_64-multicore  1    a1132u05n02.mghpcc.ycrc.yale.edu  ihpc_an492
Info: Running on 1 processors, 1 nodes, 1 physical nodes.
Info: CPU topology information available.
Info: Charm++/Converse parallel runtime startup completed at 0.00159251 s
CkLoopLib is used in SMP with simple dynamic scheduling (converse-level notification)
Info: 52.9141 MB of memory in use based on /proc/self/stat
Info: Configuration file is ../Data/stmv/stmv.namd
Info: Changed directory to ../Data/stmv
TCL: Suspending until startup complete.
Warning: Option "1-4scaling" has been deprecated. Instead use "oneFourScaling".
Warning: The Langevin gamma parameters differ over the particles,
Warning: requiring extra work per step to constrain rigid bonds.
Info: SIMULATION PARAMETERS:
Info: TIMESTEP               1
Info: NUMBER OF STEPS        200
Info: STEPS PER CYCLE        20
Info: PERIODIC CELL BASIS 1  216.832 0 0
Info: PERIODIC CELL BASIS 2  0 216.832 0
Info: PERIODIC CELL BASIS 3  0 0 216.832
Info: PERIODIC CELL CENTER   0 0 0
Info: LOAD BALANCER  Centralized
Info: LOAD BALANCING STRATEGY  New Load Balancers -- DEFAULT
Info: LDB PERIOD             4000 steps
Info: FIRST LDB TIMESTEP     100
Info: LAST LDB TIMESTEP     -1
Info: LDB BACKGROUND SCALING 1
Info: HOM BACKGROUND SCALING 1
Info: PME BACKGROUND SCALING 1
Info: MIN ATOMS PER PATCH    40
Info: EMPTY PATCH LOAD       40 ATOMS
Info: INITIAL TEMPERATURE    298
Info: CENTER OF MASS MOVING INITIALLY? NO
Info: DIELECTRIC             1
Info: EXCLUDE                SCALED ONE-FOUR
Info: 1-4 ELECTROSTATICS SCALED BY 1
Info: MODIFIED 1-4 VDW PARAMETERS WILL BE USED
Info: NO DCD TRAJECTORY OUTPUT
Info: NO EXTENDED SYSTEM TRAJECTORY OUTPUT
Info: NO VELOCITY DCD OUTPUT
Info: NO FORCE DCD OUTPUT
Info: OUTPUT FILENAME        /usr/tmp/stmv-output
Info: BINARY OUTPUT FILES WILL BE USED
Info: NO RESTART FILE
Info: SWITCHING ACTIVE
Info: SWITCHING ON           10
Info: SWITCHING OFF          12
Info: PAIRLIST DISTANCE      13.5
Info: PAIRLIST SHRINK RATE   0.01
Info: PAIRLIST GROW RATE     0.01
Info: PAIRLIST TRIGGER       0.3
Info: PAIRLISTS PER CYCLE    2
Info: PAIRLISTS ENABLED
Info: MARGIN                 0.48
Info: HYDROGEN GROUP CUTOFF  2.5
Info: PATCH DIMENSION        16.48
Info: ENERGY OUTPUT STEPS    20
Info: ENERGY EVALUATION STEPS    20
Info: OUTPUT ENERGY PRECISION 4
Info: CROSSTERM ENERGY INCLUDED IN DIHEDRAL
"single-4316158.out" 259L, 16137C                                                                                                                                                                          1,1           Top
Running "module reset". Resetting modules to system default. The following $MODULEPATH directories have been removed: None
Charm++> No provisioning arguments specified. Running with a single PE.
         Use +auto-provision to fully subscribe resources or +p1 to silence this message.
Charm++: standalone mode (not using charmrun)
Charm++> Running in Multicore mode: 1 threads (PEs)
Charm++> Using recursive bisection (scheme 3) for topology aware partitions
Converse/Charm++ Commit ID:
CharmLB> Load balancer assumes all CPUs are same.
Charm++> Running on 1 hosts
Charm++> cpu topology info is gathered in 0.001 seconds.
CharmLB> Load balancing instrumentation for communication is off.
Info: NAMD 3.0.2 for Linux-x86_64-multicore
Info:
Info: Please visit http://www.ks.uiuc.edu/Research/namd/
Info: for updates, documentation, and support information.
Info:
Info: Please cite Phillips et al., J. Chem. Phys. 153:044130 (2020) doi:10.1063/5.0014475
Info: in all publications reporting results obtained with NAMD.
Info:
Info: Based on Charm++/Converse 80000 for multicore-linux-x86_64-gcc
Info: Built Wed Aug 27 16:19:18 CDT 2025 by dhardy on athine.ks.uiuc.edu
Info: 1 NAMD  3.0.2  Linux-x86_64-multicore  1    a1132u05n02.mghpcc.ycrc.yale.edu  ihpc_an492
Info: Running on 1 processors, 1 nodes, 1 physical nodes.
Info: CPU topology information available.
Info: Charm++/Converse parallel runtime startup completed at 0.00159251 s
CkLoopLib is used in SMP with simple dynamic scheduling (converse-level notification)
Info: 52.9141 MB of memory in use based on /proc/self/stat
Info: Configuration file is ../Data/stmv/stmv.namd
Info: Changed directory to ../Data/stmv
TCL: Suspending until startup complete.
Warning: Option "1-4scaling" has been deprecated. Instead use "oneFourScaling".
Warning: The Langevin gamma parameters differ over the particles,
Warning: requiring extra work per step to constrain rigid bonds.
Info: SIMULATION PARAMETERS:
Info: TIMESTEP               1
Info: NUMBER OF STEPS        200
Info: STEPS PER CYCLE        20
Info: PERIODIC CELL BASIS 1  216.832 0 0
Info: PERIODIC CELL BASIS 2  0 216.832 0
Info: PERIODIC CELL BASIS 3  0 0 216.832
Info: PERIODIC CELL CENTER   0 0 0
Info: LOAD BALANCER  Centralized
Info: LOAD BALANCING STRATEGY  New Load Balancers -- DEFAULT
Info: LDB PERIOD             4000 steps
Info: FIRST LDB TIMESTEP     100
Info: LAST LDB TIMESTEP     -1
Info: LDB BACKGROUND SCALING 1
Info: HOM BACKGROUND SCALING 1
Info: PME BACKGROUND SCALING 1
Info: MIN ATOMS PER PATCH    40
Info: EMPTY PATCH LOAD       40 ATOMS
Info: INITIAL TEMPERATURE    298
Info: CENTER OF MASS MOVING INITIALLY? NO
Info: DIELECTRIC             1
Info: EXCLUDE                SCALED ONE-FOUR
Info: 1-4 ELECTROSTATICS SCALED BY 1
Info: MODIFIED 1-4 VDW PARAMETERS WILL BE USED
Info: NO DCD TRAJECTORY OUTPUT
Info: NO EXTENDED SYSTEM TRAJECTORY OUTPUT
Info: NO VELOCITY DCD OUTPUT
Info: NO FORCE DCD OUTPUT
Info: OUTPUT FILENAME        /usr/tmp/stmv-output
Info: BINARY OUTPUT FILES WILL BE USED
Info: NO RESTART FILE
Info: SWITCHING ACTIVE
Info: SWITCHING ON           10
Info: SWITCHING OFF          12
Info: PAIRLIST DISTANCE      13.5
Info: PAIRLIST SHRINK RATE   0.01
Info: PAIRLIST GROW RATE     0.01
Info: PAIRLIST TRIGGER       0.3
Info: PAIRLISTS PER CYCLE    2
Info: PAIRLISTS ENABLED
Info: MARGIN                 0.48
Info: HYDROGEN GROUP CUTOFF  2.5
Info: PATCH DIMENSION        16.48
Info: ENERGY OUTPUT STEPS    20
Info: ENERGY EVALUATION STEPS    20
Info: OUTPUT ENERGY PRECISION 4
Info: CROSSTERM ENERGY INCLUDED IN DIHEDRAL
Info: TIMING OUTPUT STEPS    20
Info: LANGEVIN DYNAMICS ACTIVE
Info: LANGEVIN TEMPERATURE   298
Info: LANGEVIN USING BBK INTEGRATOR
Info: LANGEVIN DAMPING COEFFICIENT IS 5 INVERSE PS
Info: LANGEVIN DYNAMICS NOT APPLIED TO HYDROGENS
Info: LANGEVIN PISTON PRESSURE CONTROL ACTIVE
Info:        TARGET PRESSURE IS 1.01325 BAR
Info:     OSCILLATION PERIOD IS 100 FS
Info:             DECAY TIME IS 50 FS
Info:     PISTON TEMPERATURE IS 298 K
Info:       PRESSURE CONTROL IS GROUP-BASED
Info:    INITIAL STRAIN RATE IS 0 0 0
Info:       CELL FLUCTUATION IS ISOTROPIC
Info: PARTICLE MESH EWALD (PME) ACTIVE
Info: PME TOLERANCE               1e-06
Info: PME EWALD COEFFICIENT       0.257952
Info: PME INTERPOLATION ORDER     4
Info: PME GRID DIMENSIONS         216 216 216
Info: PME MAXIMUM GRID SPACING    1.5
Info: Attempting to read FFTW data from FFTW_NAMD_3.0.2_Linux-x86_64-multicore.txt
Info: Optimizing 6 FFT steps.  1... 2... 3... 4... 5... 6...   Done.
Info: Writing FFTW data to FFTW_NAMD_3.0.2_Linux-x86_64-multicore.txt
Info: FULL ELECTROSTATIC EVALUATION FREQUENCY      4
Info: USING VERLET I (r-RESPA) MTS SCHEME.
Info: C1 SPLITTING OF LONG RANGE ELECTROSTATICS
Info: PLACING ATOMS IN PATCHES BY HYDROGEN GROUPS
Info: RANDOM NUMBER SEED     1769804305
Info: USE HYDROGEN BONDS?    NO
Info: COORDINATE PDB         stmv.pdb
Info: PARAMETERS             par_all27_prot_na.inp
Info: 622 ANGLES
Info: 0 CROSSTERM
Info: 0 NBTHOLE_PAIRS
Info: TIME FOR READING PSF FILE: 3.63398
Info: Reading pdb file stmv.pdb
Info: ****************************
Info: STRUCTURE SUMMARY:
Info: 1066628 ATOMS
Info: 450875 DIHEDRALS
Info: 24578 IMPROPERS
Info: 0 CROSSTERMS
Info: 389067 HYDROGEN GROUPS
Info: 4 ATOMS IN LARGEST HYDROGEN GROUP
Info: 389067 MIGRATION GROUPS
Info: TOTAL CHARGE = 0.000168104 e
Info: MASS DENSITY = 1.09115 g/cm^3
Info:
Info: Entering startup at 41.0602 s, 235.274 MB of memory in use
Info: Startup phase 0 took 0.000263554 s, 235.274 MB of memory in use
Info: NONBONDED TABLE R-SQUARED SPACING: 0.0625
Info: INCONSISTENCY IN SCOR TABLE ENERGY VS FORCE: 0.000324844 AT 11.9556
Info: INCONSISTENCY IN VDWA TABLE ENERGY VS FORCE: 0.0040507 AT 0.251946
Info: INCONSISTENCY IN VDWB TABLE ENERGY VS FORCE: 0.00150189 AT 0.251946
Info: Startup phase 4 took 0.000733668 s, 235.274 MB of memory in use
Info: Startup phase 5 took 1.8142e-05 s, 235.274 MB of memory in use
Info: PATCH GRID IS 13 (PERIODIC) BY 13 (PERIODIC) BY 13 (PERIODIC)
Info: LARGEST PATCH (1044) HAS 541 ATOMS
Info: TORUS A SIZE 1 USING 0
Info: TORUS B SIZE 1 USING 0
Info: Placed 100% of base nodes on same physical node as patch
Info: Startup phase 6 took 0.178959 s, 235.274 MB of memory in use
Info: PME using 1 and 1 processors for FFT and reciprocal sum.
Info: PME USING 1 GRID NODES AND 1 TRANS NODES
Info: Optimizing 4 FFT steps.  1... 2... 3... 4...   Done.
Info: Startup phase 9 took 1.8183e-05 s, 235.274 MB of memory in use
Info: CREATING 43945 COMPUTE OBJECTS
Info: Startup phase 15 took 0.00327411 s, 235.274 MB of memory in use
Info: Finished startup at 41.5468 s, 235.274 MB of memory in use


ENERGY:       0    354072.1600    280839.0161     81957.9556      4995.4407       -4503168.9919    384267.9053         0.0000         0.0000    946995.6398       -2450040.8745       297.8545  -3397036.5143  -2441401.6498       297.8545           1824.1227       186.1791  10194598.5131      1824.1227       186.1791

LDB: ============= START OF LOAD BALANCING ============== 73.1926
LDB: ============== END OF LOAD BALANCING =============== 73.1926
LDB: =============== DONE WITH MIGRATION ================ 73.1935
TIMING: 20  CPU: 35.301, 1.55996/step  Wall: 35.4105, 1.56481/step, 0.0782405 hours remaining, 235.273958 MB of memory in use.
PERFORMANCE: 20  averaging 0.0552144 ns/day, 1.56481 sec/step with standard deviation 0
ENERGY:      20    354889.0455    280930.3820     81853.1898      5064.3105       -4505170.7819    383612.7156         0.0000         0.0000    948618.9930       -2450202.1455       298.3651  -3398821.1385  -2441501.7868       298.0131           1686.7478        88.9266  10195101.0751       -18.3866       -19.2860

TIMING: 40  CPU: 66.4028, 1.55509/step  Wall: 66.6107, 1.56001/step, 0.0693338 hours remaining, 235.273958 MB of memory in use.
PERFORMANCE: 40  averaging 0.0552992 ns/day, 1.56241 sec/step with standard deviation 0.00339414
ENERGY:      40    355312.1870    280438.0676     81978.6819      5084.0373       -4504338.3957    383232.0514         0.0000         0.0000    948503.3409       -2449790.0297       298.3287  -3398293.3706  -2441108.7771       298.1330           1602.4145        47.9837  10196039.1598        37.6213        35.9628

TIMING: 60  CPU: 97.8672, 1.57322/step  Wall: 98.1753, 1.57823/step, 0.0613756 hours remaining, 235.273958 MB of memory in use.
PERFORMANCE: 60  averaging 0.0551132 ns/day, 1.56768 sec/step with standard deviation 0.00944411
ENERGY:      60    355233.8062    280851.4533     82144.0577      5025.2503       -4505319.3304    383980.7586         0.0000         0.0000    948894.7713       -2449189.2330       298.4518  -3398084.0043  -2440503.4646       298.4410           1656.9667        94.4915  10195896.4947         8.3687         6.4385

TIMING: 80  CPU: 129.09, 1.56114/step  Wall: 129.499, 1.56621/step, 0.0522069 hours remaining, 235.273958 MB of memory in use.
PERFORMANCE: 80  averaging 0.0551261 ns/day, 1.56731 sec/step with standard deviation 0.00774641
ENERGY:      80    355392.0816    280871.1819     82019.2078      5056.4923       -4504989.5131    383828.9279         0.0000         0.0000    948774.7425       -2449046.8790       298.4140  -3397821.6215  -2440387.4621       298.4622           1676.5871        94.5257  10196044.4805       -11.6587       -10.2463

LDB: ============= START OF LOAD BALANCING ============== 199.003
LDB: ============== END OF LOAD BALANCING =============== 199.003
LDB: =============== DONE WITH MIGRATION ================ 199.005
Info: Initial time: 1 CPUs 1.57038 s/step 18.1757 days/ns 235.274 MB memory
TIMING: 100  CPU: 160.643, 1.57767/step  Wall: 161.156, 1.58283/step, 0.0439676 hours remaining, 235.273958 MB of memory in use.
PERFORMANCE: 100  averaging 0.0550172 ns/day, 1.57042 sec/step with standard deviation 0.00965258
ENERGY:     100    355049.2283    280476.7026     82158.0833      5088.7758       -4505659.3036    384821.9373         0.0000         0.0000    948873.6730       -2449190.9032       298.4452  -3398064.5762  -2440565.8644       298.4053           1701.8621       131.3544  10194208.1087         1.1821         1.7660

LDB: ============= START OF LOAD BALANCING ============== 230.402
LDB: ============== END OF LOAD BALANCING =============== 230.402
LDB: =============== DONE WITH MIGRATION ================ 230.403
TIMING: 120  CPU: 191.875, 1.56161/step  Wall: 192.486, 1.56651/step, 0.0348112 hours remaining, 235.273958 MB of memory in use.
PERFORMANCE: 120  averaging 0.0550401 ns/day, 1.56977 sec/step with standard deviation 0.00878005
ENERGY:     120    355229.7501    280720.5690     82185.1898      5020.7242       -4507820.0066    386076.1629         0.0000         0.0000    949082.0143       -2449505.5965       298.5107  -3398587.6108  -2440794.5088       298.4799           1722.3755       179.3943  10190248.9253       -24.9381       -25.2922

TIMING: 140  CPU: 223.491, 1.58077/step  Wall: 224.206, 1.58599/step, 0.0264331 hours remaining, 235.273958 MB of memory in use.
PERFORMANCE: 140  averaging 0.0549589 ns/day, 1.57208 sec/step with standard deviation 0.0100908
ENERGY:     140    355694.1787    280026.9628     82131.3433      5041.3129       -4506991.4615    385039.1630         0.0000         0.0000    949009.9283       -2450048.5725       298.4880  -3399058.5008  -2441344.0521       298.4583           1632.6938       103.3864  10193212.7185         2.5657        -2.0055

TIMING: 160  CPU: 254.993, 1.57512/step  Wall: 255.812, 1.58028/step, 0.0175587 hours remaining, 235.273958 MB of memory in use.
PERFORMANCE: 160  averaging 0.0549231 ns/day, 1.57311 sec/step with standard deviation 0.00978149
ENERGY:     160    355639.7833    279467.1094     82124.8608      5021.6101       -4503681.5112    383446.3725         0.0000         0.0000    948182.3515       -2449799.4237       298.2277  -3397981.7752  -2441127.9227       298.3407           1580.4525        41.5442  10196971.8711        21.3415        18.5821

TIMING: 180  CPU: 286.496, 1.57513/step  Wall: 287.422, 1.58052/step, 0.00878066 hours remaining, 235.273958 MB of memory in use.
PERFORMANCE: 180  averaging 0.0548944 ns/day, 1.57393 sec/step with standard deviation 0.00947738
ENERGY:     180    356152.3804    279348.3658     82142.3806      5039.6171       -4505023.2443    384192.1481         0.0000         0.0000    948353.8267       -2449794.5257       298.2817  -3398148.3524  -2441092.2338       298.4492           1600.8153        68.8999  10195146.4523        13.8008        13.8083

LDB: ============= START OF LOAD BALANCING ============== 356.279
LDB: ============== END OF LOAD BALANCING =============== 356.279
LDB: =============== DONE WITH MIGRATION ================ 356.28
Info: Initial time: 1 CPUs 1.5671 s/step 18.1378 days/ns 235.274 MB memory
TIMING: 200  CPU: 316.847, 1.51755/step  Wall: 317.87, 1.5224/step, 0 hours remaining, 235.273958 MB of memory in use.
PERFORMANCE: 200  averaging 0.0550747 ns/day, 1.56878 sec/step with standard deviation 0.0185857
ETITLE:      TS           BOND          ANGLE          DIHED          IMPRP               ELECT            VDW       BOUNDARY           MISC        KINETIC               TOTAL           TEMP      POTENTIAL         TOTAL3        TEMPAVG            PRESSURE      GPRESSURE         VOLUME       PRESSAVG      GPRESSAVG

ENERGY:     200    356447.2746    279899.1573     82137.9624      5089.6974       -4505919.5832    384649.6106         0.0000         0.0000    947842.5889       -2449853.2920       298.1209  -3397695.8810  -2441239.9724       298.2801           1598.5738       101.8132  10194254.5579        -9.9730        -7.9120

WRITING EXTENDED SYSTEM TO OUTPUT FILE AT STEP 200
WRITING COORDINATES TO OUTPUT FILE AT STEP 200
The last position output (seq=-2) takes 0.009 seconds, 235.274 MB of memory in use
WRITING VELOCITIES TO OUTPUT FILE AT STEP 200
The last velocity output (seq=-2) takes 0.009 seconds, 235.274 MB of memory in use
====================================================

WallClock: 359.516205  CPUTime: 357.918152  Memory: 235.273958 MB
[Partition 0][Node 0] End of program
